<?xml version="1.0" encoding="UTF-8"?>
<testng-results ignored="0" total="6" passed="6" failed="0" skipped="0">
  <reporter-output>
  </reporter-output>
  <suite started-at="2020-01-26T16:56:46Z" name="Suite" finished-at="2020-01-26T16:56:46Z" duration-ms="63">
    <groups>
    </groups>
    <test started-at="2020-01-26T16:56:46Z" name="Test" finished-at="2020-01-26T16:56:46Z" duration-ms="63">
      <class name="qaclickacademy.AppiumTest">
        <test-method signature="NativeAppAndroid()[pri:0, instance:qaclickacademy.AppiumTest@72ade7e3]" started-at="2020-01-26T16:56:46Z" name="NativeAppAndroid" finished-at="2020-01-26T16:56:46Z" duration-ms="0" status="PASS">
          <reporter-output>
          </reporter-output>
        </test-method> <!-- NativeAppAndroid -->
        <test-method signature="IOSApps()[pri:0, instance:qaclickacademy.AppiumTest@72ade7e3]" started-at="2020-01-26T16:56:46Z" name="IOSApps" finished-at="2020-01-26T16:56:46Z" duration-ms="0" status="PASS">
          <reporter-output>
          </reporter-output>
        </test-method> <!-- IOSApps -->
      </class> <!-- qaclickacademy.AppiumTest -->
      <class name="qaclickacademy.RESTAPITest">
        <test-method signature="PostJira()[pri:0, instance:qaclickacademy.RESTAPITest@560348e6]" started-at="2020-01-26T16:56:46Z" name="PostJira" finished-at="2020-01-26T16:56:46Z" duration-ms="0" status="PASS">
          <reporter-output>
          </reporter-output>
        </test-method> <!-- PostJira -->
        <test-method signature="deleteTwitter()[pri:0, instance:qaclickacademy.RESTAPITest@560348e6]" started-at="2020-01-26T16:56:46Z" name="deleteTwitter" finished-at="2020-01-26T16:56:46Z" duration-ms="0" status="PASS">
          <reporter-output>
          </reporter-output>
        </test-method> <!-- deleteTwitter -->
      </class> <!-- qaclickacademy.RESTAPITest -->
      <class name="qaclickacademy.SeleniumTest">
        <test-method signature="BrowserAutomation()[pri:0, instance:qaclickacademy.SeleniumTest@7d94beb9]" started-at="2020-01-26T16:56:46Z" name="BrowserAutomation" finished-at="2020-01-26T16:56:46Z" duration-ms="0" status="PASS">
          <reporter-output>
          </reporter-output>
        </test-method> <!-- BrowserAutomation -->
        <test-method signature="elementsUi()[pri:0, instance:qaclickacademy.SeleniumTest@7d94beb9]" started-at="2020-01-26T16:56:46Z" name="elementsUi" finished-at="2020-01-26T16:56:46Z" duration-ms="0" status="PASS">
          <reporter-output>
          </reporter-output>
        </test-method> <!-- elementsUi -->
      </class> <!-- qaclickacademy.SeleniumTest -->
    </test> <!-- Test -->
  </suite> <!-- Suite -->
</testng-results>
