<?xml version="1.0" encoding="UTF-8"?>
<testng-results ignored="0" total="6" passed="6" failed="0" skipped="0">
  <reporter-output>
  </reporter-output>
  <suite started-at="2020-01-26T16:28:34 GMT" name="Suite" finished-at="2020-01-26T16:28:34 GMT" duration-ms="108">
    <groups>
    </groups>
    <test started-at="2020-01-26T16:28:34 GMT" name="Test" finished-at="2020-01-26T16:28:34 GMT" duration-ms="108">
      <class name="qaclickacademy.AppiumTest">
        <test-method signature="IOSApps()[pri:0, instance:qaclickacademy.AppiumTest@1fb700ee]" started-at="2020-01-26T16:28:34 GMT" name="IOSApps" finished-at="2020-01-26T16:28:34 GMT" duration-ms="15" status="PASS">
          <reporter-output>
          </reporter-output>
        </test-method> <!-- IOSApps -->
        <test-method signature="NativeAppAndroid()[pri:0, instance:qaclickacademy.AppiumTest@1fb700ee]" started-at="2020-01-26T16:28:34 GMT" name="NativeAppAndroid" finished-at="2020-01-26T16:28:34 GMT" duration-ms="0" status="PASS">
          <reporter-output>
          </reporter-output>
        </test-method> <!-- NativeAppAndroid -->
      </class> <!-- qaclickacademy.AppiumTest -->
      <class name="qaclickacademy.RESTAPITest">
        <test-method signature="PostJira()[pri:0, instance:qaclickacademy.RESTAPITest@4a668b6e]" started-at="2020-01-26T16:28:34 GMT" name="PostJira" finished-at="2020-01-26T16:28:34 GMT" duration-ms="0" status="PASS">
          <reporter-output>
          </reporter-output>
        </test-method> <!-- PostJira -->
        <test-method signature="deleteTwitter()[pri:0, instance:qaclickacademy.RESTAPITest@4a668b6e]" started-at="2020-01-26T16:28:34 GMT" name="deleteTwitter" finished-at="2020-01-26T16:28:34 GMT" duration-ms="0" status="PASS">
          <reporter-output>
          </reporter-output>
        </test-method> <!-- deleteTwitter -->
      </class> <!-- qaclickacademy.RESTAPITest -->
      <class name="qaclickacademy.SeleniumTest">
        <test-method signature="BrowserAutomation()[pri:0, instance:qaclickacademy.SeleniumTest@4f67eb2a]" started-at="2020-01-26T16:28:34 GMT" name="BrowserAutomation" finished-at="2020-01-26T16:28:34 GMT" duration-ms="0" status="PASS">
          <reporter-output>
          </reporter-output>
        </test-method> <!-- BrowserAutomation -->
        <test-method signature="elementsUi()[pri:0, instance:qaclickacademy.SeleniumTest@4f67eb2a]" started-at="2020-01-26T16:28:34 GMT" name="elementsUi" finished-at="2020-01-26T16:28:34 GMT" duration-ms="0" status="PASS">
          <reporter-output>
          </reporter-output>
        </test-method> <!-- elementsUi -->
      </class> <!-- qaclickacademy.SeleniumTest -->
    </test> <!-- Test -->
  </suite> <!-- Suite -->
</testng-results>

